# JRE version: OpenJDK Runtime Environment (8.0_222-b10) (build 1.8.0_222-8u222-b10-1~deb9u1-b10)
# Java VM: OpenJDK 64-Bit Server VM (25.222-b10 mixed mode linux-amd64 compressed oops)
Heap:
 def new generation   total 629120K, used 216155K [0x0000000080000000, 0x00000000aaaa0000, 0x00000000aaaa0000)
  eden space 559232K,  32% used [0x0000000080000000, 0x000000008b159398, 0x00000000a2220000)
  from space 69888K,  49% used [0x00000000a6660000, 0x00000000a881daa8, 0x00000000aaaa0000)
  to   space 69888K,   0% used [0x00000000a2220000, 0x00000000a2220000, 0x00000000a6660000)
 tenured generation   total 1398144K, used 810701K [0x00000000aaaa0000, 0x0000000100000000, 0x0000000100000000)
   the space 1398144K,  57% used [0x00000000aaaa0000, 0x00000000dc253600, 0x00000000dc253600, 0x0000000100000000)
 Metaspace       used 88930K, capacity 97602K, committed 97684K, reserved 1134592K
  class space    used 11715K, capacity 13733K, committed 13756K, reserved 1048576K
GC Heap History (10 events):
Event: 566.293 GC heap before
{Heap before GC invocations=137 (full 3):
 def new generation   total 629120K, used 593171K [0x0000000080000000, 0x00000000aaaa0000, 0x00000000aaaa0000)
  eden space 559232K, 100% used [0x0000000080000000, 0x00000000a2220000, 0x00000000a2220000)
  from space 69888K,  48% used [0x00000000a2220000, 0x00000000a4344e70, 0x00000000a6660000)
  to   space 69888K,   0% used [0x00000000a6660000, 0x00000000a6660000, 0x00000000aaaa0000)
 tenured generation   total 1398144K, used 798654K [0x00000000aaaa0000, 0x0000000100000000, 0x0000000100000000)
   the space 1398144K,  57% used [0x00000000aaaa0000, 0x00000000db68fb90, 0x00000000db68fc00, 0x0000000100000000)
 Metaspace       used 88897K, capacity 97590K, committed 97684K, reserved 1132544K
  class space    used 11713K, capacity 13731K, committed 13756K, reserved 1048576K
Event: 566.348 GC heap after
Heap after GC invocations=138 (full 3):
 def new generation   total 629120K, used 37010K [0x0000000080000000, 0x00000000aaaa0000, 0x00000000aaaa0000)
  eden space 559232K,   0% used [0x0000000080000000, 0x0000000080000000, 0x00000000a2220000)
  from space 69888K,  52% used [0x00000000a6660000, 0x00000000a8a84b98, 0x00000000aaaa0000)
  to   space 69888K,   0% used [0x00000000a2220000, 0x00000000a2220000, 0x00000000a6660000)
 tenured generation   total 1398144K, used 798654K [0x00000000aaaa0000, 0x0000000100000000, 0x0000000100000000)
   the space 1398144K,  57% used [0x00000000aaaa0000, 0x00000000db68fb90, 0x00000000db68fc00, 0x0000000100000000)
 Metaspace       used 88897K, capacity 97590K, committed 97684K, reserved 1132544K
  class space    used 11713K, capacity 13731K, committed 13756K, reserved 1048576K
}
Event: 570.438 GC heap before
{Heap before GC invocations=138 (full 3):
 def new generation   total 629120K, used 596242K [0x0000000080000000, 0x00000000aaaa0000, 0x00000000aaaa0000)
  eden space 559232K, 100% used [0x0000000080000000, 0x00000000a2220000, 0x00000000a2220000)
  from space 69888K,  52% used [0x00000000a6660000, 0x00000000a8a84b98, 0x00000000aaaa0000)
  to   space 69888K,   0% used [0x00000000a2220000, 0x00000000a2220000, 0x00000000a6660000)
 tenured generation   total 1398144K, used 798654K [0x00000000aaaa0000, 0x0000000100000000, 0x0000000100000000)
   the space 1398144K,  57% used [0x00000000aaaa0000, 0x00000000db68fb90, 0x00000000db68fc00, 0x0000000100000000)
 Metaspace       used 88898K, capacity 97590K, committed 97684K, reserved 1132544K
  class space    used 11713K, capacity 13731K, committed 13756K, reserved 1048576K
Event: 570.490 GC heap after
Heap after GC invocations=139 (full 3):
 def new generation   total 629120K, used 34162K [0x0000000080000000, 0x00000000aaaa0000, 0x00000000aaaa0000)
  eden space 559232K,   0% used [0x0000000080000000, 0x0000000080000000, 0x00000000a2220000)
  from space 69888K,  48% used [0x00000000a2220000, 0x00000000a437ca58, 0x00000000a6660000)
  to   space 69888K,   0% used [0x00000000a6660000, 0x00000000a6660000, 0x00000000aaaa0000)
 tenured generation   total 1398144K, used 803598K [0x00000000aaaa0000, 0x0000000100000000, 0x0000000100000000)
   the space 1398144K,  57% used [0x00000000aaaa0000, 0x00000000dbb63b60, 0x00000000dbb63c00, 0x0000000100000000)
 Metaspace       used 88898K, capacity 97590K, committed 97684K, reserved 1132544K
  class space    used 11713K, capacity 13731K, committed 13756K, reserved 1048576K
}
Event: 575.543 GC heap before
{Heap before GC invocations=139 (full 3):
 def new generation   total 629120K, used 593394K [0x0000000080000000, 0x00000000aaaa0000, 0x00000000aaaa0000)
  eden space 559232K, 100% used [0x0000000080000000, 0x00000000a2220000, 0x00000000a2220000)
  from space 69888K,  48% used [0x00000000a2220000, 0x00000000a437ca58, 0x00000000a6660000)
  to   space 69888K,   0% used [0x00000000a6660000, 0x00000000a6660000, 0x00000000aaaa0000)
 tenured generation   total 1398144K, used 803598K [0x00000000aaaa0000, 0x0000000100000000, 0x0000000100000000)
   the space 1398144K,  57% used [0x00000000aaaa0000, 0x00000000dbb63b60, 0x00000000dbb63c00, 0x0000000100000000)
 Metaspace       used 88915K, capacity 97600K, committed 97684K, reserved 1132544K
  class space    used 11714K, capacity 13732K, committed 13756K, reserved 1048576K
Event: 575.637 GC heap after
Heap after GC invocations=140 (full 3):
 def new generation   total 629120K, used 37910K [0x0000000080000000, 0x00000000aaaa0000, 0x00000000aaaa0000)
  eden space 559232K,   0% used [0x0000000080000000, 0x0000000080000000, 0x00000000a2220000)
  from space 69888K,  54% used [0x00000000a6660000, 0x00000000a8b65818, 0x00000000aaaa0000)
  to   space 69888K,   0% used [0x00000000a2220000, 0x00000000a2220000, 0x00000000a6660000)
 tenured generation   total 1398144K, used 803598K [0x00000000aaaa0000, 0x0000000100000000, 0x0000000100000000)
   the space 1398144K,  57% used [0x00000000aaaa0000, 0x00000000dbb63b60, 0x00000000dbb63c00, 0x0000000100000000)
 Metaspace       used 88915K, capacity 97600K, committed 97684K, reserved 1132544K
  class space    used 11714K, capacity 13732K, committed 13756K, reserved 1048576K
}
Event: 579.721 GC heap before
{Heap before GC invocations=140 (full 3):
 def new generation   total 629120K, used 597142K [0x0000000080000000, 0x00000000aaaa0000, 0x00000000aaaa0000)
  eden space 559232K, 100% used [0x0000000080000000, 0x00000000a2220000, 0x00000000a2220000)
  from space 69888K,  54% used [0x00000000a6660000, 0x00000000a8b65818, 0x00000000aaaa0000)
  to   space 69888K,   0% used [0x00000000a2220000, 0x00000000a2220000, 0x00000000a6660000)
 tenured generation   total 1398144K, used 803598K [0x00000000aaaa0000, 0x0000000100000000, 0x0000000100000000)
   the space 1398144K,  57% used [0x00000000aaaa0000, 0x00000000dbb63b60, 0x00000000dbb63c00, 0x0000000100000000)
 Metaspace       used 88922K, capacity 97600K, committed 97684K, reserved 1132544K
  class space    used 11714K, capacity 13732K, committed 13756K, reserved 1048576K
Event: 579.833 GC heap after
Heap after GC invocations=141 (full 3):
 def new generation   total 629120K, used 37687K [0x0000000080000000, 0x00000000aaaa0000, 0x00000000aaaa0000)
  eden space 559232K,   0% used [0x0000000080000000, 0x0000000080000000, 0x00000000a2220000)
  from space 69888K,  53% used [0x00000000a2220000, 0x00000000a46edcb8, 0x00000000a6660000)
  to   space 69888K,   0% used [0x00000000a6660000, 0x00000000a6660000, 0x00000000aaaa0000)
 tenured generation   total 1398144K, used 807037K [0x00000000aaaa0000, 0x0000000100000000, 0x0000000100000000)
   the space 1398144K,  57% used [0x00000000aaaa0000, 0x00000000dbebf6a0, 0x00000000dbebf800, 0x0000000100000000)
 Metaspace       used 88922K, capacity 97600K, committed 97684K, reserved 1132544K
  class space    used 11714K, capacity 13732K, committed 13756K, reserved 1048576K
}
Event: 584.767 GC heap before
{Heap before GC invocations=141 (full 3):
 def new generation   total 629120K, used 596919K [0x0000000080000000, 0x00000000aaaa0000, 0x00000000aaaa0000)
  eden space 559232K, 100% used [0x0000000080000000, 0x00000000a2220000, 0x00000000a2220000)
  from space 69888K,  53% used [0x00000000a2220000, 0x00000000a46edcb8, 0x00000000a6660000)
  to   space 69888K,   0% used [0x00000000a6660000, 0x00000000a6660000, 0x00000000aaaa0000)
 tenured generation   total 1398144K, used 807037K [0x00000000aaaa0000, 0x0000000100000000, 0x0000000100000000)
   the space 1398144K,  57% used [0x00000000aaaa0000, 0x00000000dbebf6a0, 0x00000000dbebf800, 0x0000000100000000)
 Metaspace       used 88925K, capacity 97602K, committed 97684K, reserved 1132544K
  class space    used 11715K, capacity 13733K, committed 13756K, reserved 1048576K
Event: 584.899 GC heap after
Heap after GC invocations=142 (full 3):
 def new generation   total 629120K, used 34550K [0x0000000080000000, 0x00000000aaaa0000, 0x00000000aaaa0000)
  eden space 559232K,   0% used [0x0000000080000000, 0x0000000080000000, 0x00000000a2220000)
  from space 69888K,  49% used [0x00000000a6660000, 0x00000000a881daa8, 0x00000000aaaa0000)
  to   space 69888K,   0% used [0x00000000a2220000, 0x00000000a2220000, 0x00000000a6660000)
 tenured generation   total 1398144K, used 810701K [0x00000000aaaa0000, 0x0000000100000000, 0x0000000100000000)
   the space 1398144K,  57% used [0x00000000aaaa0000, 0x00000000dc253600, 0x00000000dc253600, 0x0000000100000000)
 Metaspace       used 88925K, capacity 97602K, committed 97684K, reserved 1132544K
  class space    used 11715K, capacity 13733K, committed 13756K, reserved 1048576K
}

