# JRE version: OpenJDK Runtime Environment (8.0_222-b10) (build 1.8.0_222-8u222-b10-1~deb9u1-b10)
# Java VM: OpenJDK 64-Bit Server VM (25.222-b10 mixed mode linux-amd64 compressed oops)
Heap:
 def new generation   total 629120K, used 493474K [0x0000000080000000, 0x00000000aaaa0000, 0x00000000aaaa0000)
  eden space 559232K,  81% used [0x0000000080000000, 0x000000009bd229e8, 0x00000000a2220000)
  from space 69888K,  53% used [0x00000000a2220000, 0x00000000a46e61d8, 0x00000000a6660000)
  to   space 69888K,   0% used [0x00000000a6660000, 0x00000000a6660000, 0x00000000aaaa0000)
 tenured generation   total 1398144K, used 822973K [0x00000000aaaa0000, 0x0000000100000000, 0x0000000100000000)
   the space 1398144K,  58% used [0x00000000aaaa0000, 0x00000000dce4f520, 0x00000000dce4f600, 0x0000000100000000)
 Metaspace       used 90673K, capacity 99890K, committed 100116K, reserved 1136640K
  class space    used 11814K, capacity 13817K, committed 13884K, reserved 1048576K
GC Heap History (10 events):
Event: 8840.499 GC heap before
{Heap before GC invocations=589 (full 4):
 def new generation   total 629120K, used 594308K [0x0000000080000000, 0x00000000aaaa0000, 0x00000000aaaa0000)
  eden space 559232K, 100% used [0x0000000080000000, 0x00000000a2220000, 0x00000000a2220000)
  from space 69888K,  50% used [0x00000000a6660000, 0x00000000a88a10c8, 0x00000000aaaa0000)
  to   space 69888K,   0% used [0x00000000a2220000, 0x00000000a2220000, 0x00000000a6660000)
 tenured generation   total 1398144K, used 810019K [0x00000000aaaa0000, 0x0000000100000000, 0x0000000100000000)
   the space 1398144K,  57% used [0x00000000aaaa0000, 0x00000000dc1a8c88, 0x00000000dc1a8e00, 0x0000000100000000)
 Metaspace       used 90638K, capacity 99870K, committed 100116K, reserved 1136640K
  class space    used 11812K, capacity 13813K, committed 13884K, reserved 1048576K
Event: 8840.561 GC heap after
Heap after GC invocations=590 (full 4):
 def new generation   total 629120K, used 35102K [0x0000000080000000, 0x00000000aaaa0000, 0x00000000aaaa0000)
  eden space 559232K,   0% used [0x0000000080000000, 0x0000000080000000, 0x00000000a2220000)
  from space 69888K,  50% used [0x00000000a2220000, 0x00000000a44678e8, 0x00000000a6660000)
  to   space 69888K,   0% used [0x00000000a6660000, 0x00000000a6660000, 0x00000000aaaa0000)
 tenured generation   total 1398144K, used 812937K [0x00000000aaaa0000, 0x0000000100000000, 0x0000000100000000)
   the space 1398144K,  58% used [0x00000000aaaa0000, 0x00000000dc4825f0, 0x00000000dc482600, 0x0000000100000000)
 Metaspace       used 90638K, capacity 99870K, committed 100116K, reserved 1136640K
  class space    used 11812K, capacity 13813K, committed 13884K, reserved 1048576K
}
Event: 8844.648 GC heap before
{Heap before GC invocations=590 (full 4):
 def new generation   total 629120K, used 594334K [0x0000000080000000, 0x00000000aaaa0000, 0x00000000aaaa0000)
  eden space 559232K, 100% used [0x0000000080000000, 0x00000000a2220000, 0x00000000a2220000)
  from space 69888K,  50% used [0x00000000a2220000, 0x00000000a44678e8, 0x00000000a6660000)
  to   space 69888K,   0% used [0x00000000a6660000, 0x00000000a6660000, 0x00000000aaaa0000)
 tenured generation   total 1398144K, used 812937K [0x00000000aaaa0000, 0x0000000100000000, 0x0000000100000000)
   the space 1398144K,  58% used [0x00000000aaaa0000, 0x00000000dc4825f0, 0x00000000dc482600, 0x0000000100000000)
 Metaspace       used 90649K, capacity 99870K, committed 100116K, reserved 1136640K
  class space    used 11812K, capacity 13813K, committed 13884K, reserved 1048576K
Event: 8844.711 GC heap after
Heap after GC invocations=591 (full 4):
 def new generation   total 629120K, used 36842K [0x0000000080000000, 0x00000000aaaa0000, 0x00000000aaaa0000)
  eden space 559232K,   0% used [0x0000000080000000, 0x0000000080000000, 0x00000000a2220000)
  from space 69888K,  52% used [0x00000000a6660000, 0x00000000a8a5aa48, 0x00000000aaaa0000)
  to   space 69888K,   0% used [0x00000000a2220000, 0x00000000a2220000, 0x00000000a6660000)
 tenured generation   total 1398144K, used 814823K [0x00000000aaaa0000, 0x0000000100000000, 0x0000000100000000)
   the space 1398144K,  58% used [0x00000000aaaa0000, 0x00000000dc659f50, 0x00000000dc65a000, 0x0000000100000000)
 Metaspace       used 90649K, capacity 99870K, committed 100116K, reserved 1136640K
  class space    used 11812K, capacity 13813K, committed 13884K, reserved 1048576K
}
Event: 8848.517 GC heap before
{Heap before GC invocations=591 (full 4):
 def new generation   total 629120K, used 596074K [0x0000000080000000, 0x00000000aaaa0000, 0x00000000aaaa0000)
  eden space 559232K, 100% used [0x0000000080000000, 0x00000000a2220000, 0x00000000a2220000)
  from space 69888K,  52% used [0x00000000a6660000, 0x00000000a8a5aa48, 0x00000000aaaa0000)
  to   space 69888K,   0% used [0x00000000a2220000, 0x00000000a2220000, 0x00000000a6660000)
 tenured generation   total 1398144K, used 814823K [0x00000000aaaa0000, 0x0000000100000000, 0x0000000100000000)
   the space 1398144K,  58% used [0x00000000aaaa0000, 0x00000000dc659f50, 0x00000000dc65a000, 0x0000000100000000)
 Metaspace       used 90661K, capacity 99886K, committed 100116K, reserved 1136640K
  class space    used 11814K, capacity 13817K, committed 13884K, reserved 1048576K
Event: 8848.584 GC heap after
Heap after GC invocations=592 (full 4):
 def new generation   total 629120K, used 37509K [0x0000000080000000, 0x00000000aaaa0000, 0x00000000aaaa0000)
  eden space 559232K,   0% used [0x0000000080000000, 0x0000000080000000, 0x00000000a2220000)
  from space 69888K,  53% used [0x00000000a2220000, 0x00000000a46c1668, 0x00000000a6660000)
  to   space 69888K,   0% used [0x00000000a6660000, 0x00000000a6660000, 0x00000000aaaa0000)
 tenured generation   total 1398144K, used 817065K [0x00000000aaaa0000, 0x0000000100000000, 0x0000000100000000)
   the space 1398144K,  58% used [0x00000000aaaa0000, 0x00000000dc88a688, 0x00000000dc88a800, 0x0000000100000000)
 Metaspace       used 90661K, capacity 99886K, committed 100116K, reserved 1136640K
  class space    used 11814K, capacity 13817K, committed 13884K, reserved 1048576K
}
Event: 8851.438 GC heap before
{Heap before GC invocations=592 (full 4):
 def new generation   total 629120K, used 596741K [0x0000000080000000, 0x00000000aaaa0000, 0x00000000aaaa0000)
  eden space 559232K, 100% used [0x0000000080000000, 0x00000000a2220000, 0x00000000a2220000)
  from space 69888K,  53% used [0x00000000a2220000, 0x00000000a46c1668, 0x00000000a6660000)
  to   space 69888K,   0% used [0x00000000a6660000, 0x00000000a6660000, 0x00000000aaaa0000)
 tenured generation   total 1398144K, used 817065K [0x00000000aaaa0000, 0x0000000100000000, 0x0000000100000000)
   the space 1398144K,  58% used [0x00000000aaaa0000, 0x00000000dc88a688, 0x00000000dc88a800, 0x0000000100000000)
 Metaspace       used 90668K, capacity 99886K, committed 100116K, reserved 1136640K
  class space    used 11814K, capacity 13817K, committed 13884K, reserved 1048576K
Event: 8851.501 GC heap after
Heap after GC invocations=593 (full 4):
 def new generation   total 629120K, used 37418K [0x0000000080000000, 0x00000000aaaa0000, 0x00000000aaaa0000)
  eden space 559232K,   0% used [0x0000000080000000, 0x0000000080000000, 0x00000000a2220000)
  from space 69888K,  53% used [0x00000000a6660000, 0x00000000a8aea9d0, 0x00000000aaaa0000)
  to   space 69888K,   0% used [0x00000000a2220000, 0x00000000a2220000, 0x00000000a6660000)
 tenured generation   total 1398144K, used 819790K [0x00000000aaaa0000, 0x0000000100000000, 0x0000000100000000)
   the space 1398144K,  58% used [0x00000000aaaa0000, 0x00000000dcb33878, 0x00000000dcb33a00, 0x0000000100000000)
 Metaspace       used 90668K, capacity 99886K, committed 100116K, reserved 1136640K
  class space    used 11814K, capacity 13817K, committed 13884K, reserved 1048576K
}
Event: 8854.960 GC heap before
{Heap before GC invocations=593 (full 4):
 def new generation   total 629120K, used 596650K [0x0000000080000000, 0x00000000aaaa0000, 0x00000000aaaa0000)
  eden space 559232K, 100% used [0x0000000080000000, 0x00000000a2220000, 0x00000000a2220000)
  from space 69888K,  53% used [0x00000000a6660000, 0x00000000a8aea9d0, 0x00000000aaaa0000)
  to   space 69888K,   0% used [0x00000000a2220000, 0x00000000a2220000, 0x00000000a6660000)
 tenured generation   total 1398144K, used 819790K [0x00000000aaaa0000, 0x0000000100000000, 0x0000000100000000)
   the space 1398144K,  58% used [0x00000000aaaa0000, 0x00000000dcb33878, 0x00000000dcb33a00, 0x0000000100000000)
 Metaspace       used 90671K, capacity 99890K, committed 100116K, reserved 1136640K
  class space    used 11814K, capacity 13817K, committed 13884K, reserved 1048576K
Event: 8855.025 GC heap after
Heap after GC invocations=594 (full 4):
 def new generation   total 629120K, used 37656K [0x0000000080000000, 0x00000000aaaa0000, 0x00000000aaaa0000)
  eden space 559232K,   0% used [0x0000000080000000, 0x0000000080000000, 0x00000000a2220000)
  from space 69888K,  53% used [0x00000000a2220000, 0x00000000a46e61d8, 0x00000000a6660000)
  to   space 69888K,   0% used [0x00000000a6660000, 0x00000000a6660000, 0x00000000aaaa0000)
 tenured generation   total 1398144K, used 822973K [0x00000000aaaa0000, 0x0000000100000000, 0x0000000100000000)
   the space 1398144K,  58% used [0x00000000aaaa0000, 0x00000000dce4f520, 0x00000000dce4f600, 0x0000000100000000)
 Metaspace       used 90671K, capacity 99890K, committed 100116K, reserved 1136640K
  class space    used 11814K, capacity 13817K, committed 13884K, reserved 1048576K
}

